<?xml version="1.0" encoding="UTF-8"?>
<testsuite xmlns:xsi="http://www.w3.org/2001/XMLSchema-instance" xsi:noNamespaceSchemaLocation="https://maven.apache.org/surefire/maven-surefire-plugin/xsd/surefire-test-report.xsd" name="unitarios.modeloTest.EstadoConfundidoTest" time="0.16" tests="5" errors="0" skipped="0" failures="0">
  <properties>
[...]
</properties>
  <testcase name="dejaDeEstarConfundidoTest" classname="unitarios.modeloTest.EstadoConfundidoTest" time="0.082"/>
  <testcase name="aplicarEfectoValidarPrimerTurnoTest" classname="unitarios.modeloTest.EstadoConfundidoTest" time="0.003"/>
  <testcase name="aplicarEfectoNoValidoTest" classname="unitarios.modeloTest.EstadoConfundidoTest" time="0.013"/>
  <testcase name="usarHabilidadAutolesionaTest" classname="unitarios.modeloTest.EstadoConfundidoTest" time="0.048"/>
  <testcase name="usarHabilidadNoAutolesionaTest" classname="unitarios.modeloTest.EstadoConfundidoTest" time="0.008"/>
</testsuite>